This file contains any messages produced by compilers while
running configure, to aid debugging if configure makes a mistake.

It was created by dspam configure 3.10.2, which was
generated by GNU Autoconf 2.68.  Invocation command line was

  $ ./configure --program-prefix= --prefix=/usr --exec-prefix=/usr --bindir=/usr/bin --sbindir=/usr/sbin --sysconfdir=/etc --datadir=/usr/share --includedir=/usr/include --libdir=/usr/lib --libexecdir=/usr/libexec --localstatedir=/var --sharedstatedir=/usr/com --mandir=/usr/share/man --infodir=/usr/share/info --enable-long-usernames --enable-syslog --enable-daemon --enable-clamav --enable-debug --enable-large-scale --enable-virtual-users --enable-external-lookup --enable-preferences-extension --disable-trusted-user-security --with-mysql-includes=/usr/include/mysql --with-mysql-libraries=/usr/lib64/mysql/ --with-pgsql-libraries=/usr/lib --with-storage-driver=mysql_drv,hash_drv --with-dspam-home=/var/lib/dspam --with-dspam-owner=vuser --with-dspam-group=vgroup --with-dspam-home-owner=vuser --with-dspam-home-group=vgroup --with-dspam-mode=2511 --with-logdir=/var/log/dspam --sysconfdir=/etc/dspam

## --------- ##
## Platform. ##
## --------- ##

hostname = 10-13-28-211
uname -m = x86_64
uname -r = 2.6.32-431.11.15.el6.ucloud.x86_64
uname -s = Linux
uname -v = #1 SMP Fri Aug 14 15:14:16 CST 2015

/usr/bin/uname -p = unknown
/bin/uname -X     = unknown

/bin/arch              = x86_64
/usr/bin/arch -k       = unknown
/usr/convex/getsysinfo = unknown
/usr/bin/hostinfo      = unknown
/bin/machine           = unknown
/usr/bin/oslevel       = unknown
/bin/universe          = unknown

PATH: /usr/local/bin
PATH: /bin
PATH: /usr/bin
PATH: /usr/local/sbin
PATH: /usr/sbin
PATH: /sbin
PATH: /home/zhaozijian/bin
PATH: /home/zhaozijian/bin


## ----------- ##
## Core tests. ##
## ----------- ##

configure:2394: checking for a BSD-compatible install
configure:2462: result: /usr/bin/install -c
configure:2473: checking whether build environment is sane
configure:2523: result: yes
configure:2664: checking for a thread-safe mkdir -p
configure:2703: result: /bin/mkdir -p
configure:2716: checking for gawk
configure:2732: found /bin/gawk
configure:2743: result: gawk
configure:2754: checking whether make sets $(MAKE)
configure:2776: result: yes
configure:2861: checking build system type
configure:2875: result: x86_64-unknown-linux-gnu
configure:2895: checking host system type
configure:2908: result: x86_64-unknown-linux-gnu
configure:2985: checking for gcc
configure:3001: found /usr/bin/gcc
configure:3012: result: gcc
configure:3241: checking for C compiler version
configure:3250: gcc --version >&5
gcc (GCC) 4.4.7 20120313 (Red Hat 4.4.7-16)
Copyright (C) 2010 Free Software Foundation, Inc.
This is free software; see the source for copying conditions.  There is NO
warranty; not even for MERCHANTABILITY or FITNESS FOR A PARTICULAR PURPOSE.

configure:3261: $? = 0
configure:3250: gcc -v >&5
Using built-in specs.
Target: x86_64-redhat-linux
Configured with: ../configure --prefix=/usr --mandir=/usr/share/man --infodir=/usr/share/info --with-bugurl=http://bugzilla.redhat.com/bugzilla --enable-bootstrap --enable-shared --enable-threads=posix --enable-checking=release --with-system-zlib --enable-__cxa_atexit --disable-libunwind-exceptions --enable-gnu-unique-object --enable-languages=c,c++,objc,obj-c++,java,fortran,ada --enable-java-awt=gtk --disable-dssi --with-java-home=/usr/lib/jvm/java-1.5.0-gcj-1.5.0.0/jre --enable-libgcj-multifile --enable-java-maintainer-mode --with-ecj-jar=/usr/share/java/eclipse-ecj.jar --disable-libjava-multilib --with-ppl --with-cloog --with-tune=generic --with-arch_32=i686 --build=x86_64-redhat-linux
Thread model: posix
gcc version 4.4.7 20120313 (Red Hat 4.4.7-16) (GCC) 
configure:3261: $? = 0
configure:3250: gcc -V >&5
gcc: '-V' option must have argument
configure:3261: $? = 1
configure:3250: gcc -qversion >&5
gcc: unrecognized option '-qversion'
gcc: no input files
configure:3261: $? = 1
configure:3281: checking whether the C compiler works
configure:3303: gcc    conftest.c  >&5
configure:3307: $? = 0
configure:3355: result: yes
configure:3358: checking for C compiler default output file name
configure:3360: result: a.out
configure:3366: checking for suffix of executables
configure:3373: gcc -o conftest    conftest.c  >&5
configure:3377: $? = 0
configure:3399: result: 
configure:3421: checking whether we are cross compiling
configure:3429: gcc -o conftest    conftest.c  >&5
configure:3433: $? = 0
configure:3440: ./conftest
configure:3444: $? = 0
configure:3459: result: no
configure:3464: checking for suffix of object files
configure:3486: gcc -c   conftest.c >&5
configure:3490: $? = 0
configure:3511: result: o
configure:3515: checking whether we are using the GNU C compiler
configure:3534: gcc -c   conftest.c >&5
configure:3534: $? = 0
configure:3543: result: yes
configure:3552: checking whether gcc accepts -g
configure:3572: gcc -c -g  conftest.c >&5
configure:3572: $? = 0
configure:3613: result: yes
configure:3630: checking for gcc option to accept ISO C89
configure:3694: gcc  -c -g -O2  conftest.c >&5
configure:3694: $? = 0
configure:3707: result: none needed
configure:3738: checking for style of include used by make
configure:3766: result: GNU
configure:3791: checking dependency style of gcc
configure:3901: result: gcc3
configure:3963: checking how to print strings
configure:3990: result: printf
configure:4011: checking for a sed that does not truncate output
configure:4075: result: /bin/sed
configure:4093: checking for grep that handles long lines and -e
configure:4151: result: /bin/grep
configure:4156: checking for egrep
configure:4218: result: /bin/grep -E
configure:4223: checking for fgrep
configure:4285: result: /bin/grep -F
configure:4320: checking for ld used by gcc
configure:4387: result: /usr/bin/ld
configure:4394: checking if the linker (/usr/bin/ld) is GNU ld
configure:4409: result: yes
configure:4421: checking for BSD- or MS-compatible name lister (nm)
configure:4470: result: /usr/bin/nm -B
configure:4600: checking the name lister (/usr/bin/nm -B) interface
configure:4607: gcc -c -g -O2  conftest.c >&5
configure:4610: /usr/bin/nm -B "conftest.o"
configure:4613: output
0000000000000000 B some_variable
configure:4620: result: BSD nm
configure:4623: checking whether ln -s works
configure:4627: result: yes
configure:4635: checking the maximum length of command line arguments
configure:4760: result: 1966080
configure:4777: checking whether the shell understands some XSI constructs
configure:4787: result: yes
configure:4791: checking whether the shell understands "+="
configure:4797: result: yes
configure:4832: checking how to convert x86_64-unknown-linux-gnu file names to x86_64-unknown-linux-gnu format
configure:4872: result: func_convert_file_noop
configure:4879: checking how to convert x86_64-unknown-linux-gnu file names to toolchain format
configure:4899: result: func_convert_file_noop
configure:4906: checking for /usr/bin/ld option to reload object files
configure:4913: result: -r
configure:4987: checking for objdump
configure:5003: found /usr/bin/objdump
configure:5014: result: objdump
configure:5046: checking how to recognize dependent libraries
configure:5248: result: pass_all
configure:5333: checking for dlltool
configure:5363: result: no
configure:5393: checking how to associate runtime and link libraries
configure:5420: result: printf %s\n
configure:5481: checking for ar
configure:5497: found /usr/bin/ar
configure:5508: result: ar
configure:5545: checking for archiver @FILE support
configure:5562: gcc -c -g -O2  conftest.c >&5
configure:5562: $? = 0
configure:5565: ar cru libconftest.a @conftest.lst >&5
configure:5568: $? = 0
configure:5573: ar cru libconftest.a @conftest.lst >&5
ar: conftest.o: No such file or directory
configure:5576: $? = 1
configure:5588: result: @
configure:5646: checking for strip
configure:5662: found /usr/bin/strip
configure:5673: result: strip
configure:5745: checking for ranlib
configure:5761: found /usr/bin/ranlib
configure:5772: result: ranlib
configure:5874: checking command to parse /usr/bin/nm -B output from gcc object
configure:5993: gcc -c -g -O2  conftest.c >&5
configure:5996: $? = 0
configure:6000: /usr/bin/nm -B conftest.o \| sed -n -e 's/^.*[ ]\([ABCDGIRSTW][ABCDGIRSTW]*\)[ ][ ]*\([_A-Za-z][_A-Za-z0-9]*\)$/\1 \2 \2/p' | sed '/ __gnu_lto/d' \> conftest.nm
configure:6003: $? = 0
configure:6069: gcc -o conftest -g -O2   conftest.c conftstm.o >&5
configure:6072: $? = 0
configure:6110: result: ok
configure:6147: checking for sysroot
configure:6177: result: no
configure:6254: gcc -c -g -O2  conftest.c >&5
configure:6257: $? = 0
configure:6420: checking for mt
configure:6450: result: no
configure:6470: checking if : is a manifest tool
configure:6476: : '-?'
configure:6484: result: no
configure:7116: checking how to run the C preprocessor
configure:7147: gcc -E  conftest.c
configure:7147: $? = 0
configure:7161: gcc -E  conftest.c
conftest.c:11:28: error: ac_nonexistent.h: No such file or directory
configure:7161: $? = 1
configure: failed program was:
| /* confdefs.h */
| #define PACKAGE_NAME "dspam"
| #define PACKAGE_TARNAME "dspam"
| #define PACKAGE_VERSION "3.10.2"
| #define PACKAGE_STRING "dspam 3.10.2"
| #define PACKAGE_BUGREPORT "dspam-devel@lists.sourceforge.net"
| #define PACKAGE_URL ""
| #define PACKAGE "dspam"
| #define VERSION "3.10.2"
| /* end confdefs.h.  */
| #include <ac_nonexistent.h>
configure:7186: result: gcc -E
configure:7206: gcc -E  conftest.c
configure:7206: $? = 0
configure:7220: gcc -E  conftest.c
conftest.c:11:28: error: ac_nonexistent.h: No such file or directory
configure:7220: $? = 1
configure: failed program was:
| /* confdefs.h */
| #define PACKAGE_NAME "dspam"
| #define PACKAGE_TARNAME "dspam"
| #define PACKAGE_VERSION "3.10.2"
| #define PACKAGE_STRING "dspam 3.10.2"
| #define PACKAGE_BUGREPORT "dspam-devel@lists.sourceforge.net"
| #define PACKAGE_URL ""
| #define PACKAGE "dspam"
| #define VERSION "3.10.2"
| /* end confdefs.h.  */
| #include <ac_nonexistent.h>
configure:7249: checking for ANSI C header files
configure:7269: gcc -c -g -O2  conftest.c >&5
configure:7269: $? = 0
configure:7342: gcc -o conftest -g -O2   conftest.c  >&5
configure:7342: $? = 0
configure:7342: ./conftest
configure:7342: $? = 0
configure:7353: result: yes
configure:7366: checking for sys/types.h
configure:7366: gcc -c -g -O2  conftest.c >&5
configure:7366: $? = 0
configure:7366: result: yes
configure:7366: checking for sys/stat.h
configure:7366: gcc -c -g -O2  conftest.c >&5
configure:7366: $? = 0
configure:7366: result: yes
configure:7366: checking for stdlib.h
configure:7366: gcc -c -g -O2  conftest.c >&5
configure:7366: $? = 0
configure:7366: result: yes
configure:7366: checking for string.h
configure:7366: gcc -c -g -O2  conftest.c >&5
configure:7366: $? = 0
configure:7366: result: yes
configure:7366: checking for memory.h
configure:7366: gcc -c -g -O2  conftest.c >&5
configure:7366: $? = 0
configure:7366: result: yes
configure:7366: checking for strings.h
configure:7366: gcc -c -g -O2  conftest.c >&5
configure:7366: $? = 0
configure:7366: result: yes
configure:7366: checking for inttypes.h
configure:7366: gcc -c -g -O2  conftest.c >&5
configure:7366: $? = 0
configure:7366: result: yes
configure:7366: checking for stdint.h
configure:7366: gcc -c -g -O2  conftest.c >&5
configure:7366: $? = 0
configure:7366: result: yes
configure:7366: checking for unistd.h
configure:7366: gcc -c -g -O2  conftest.c >&5
configure:7366: $? = 0
configure:7366: result: yes
configure:7380: checking for dlfcn.h
configure:7380: gcc -c -g -O2  conftest.c >&5
configure:7380: $? = 0
configure:7380: result: yes
configure:7567: checking for objdir
configure:7582: result: .libs
configure:7853: checking if gcc supports -fno-rtti -fno-exceptions
configure:7871: gcc -c -g -O2  -fno-rtti -fno-exceptions conftest.c >&5
cc1: warning: command line option "-fno-rtti" is valid for C++/ObjC++ but not for C
configure:7875: $? = 0
configure:7888: result: no
configure:8198: checking for gcc option to produce PIC
configure:8205: result: -fPIC -DPIC
configure:8213: checking if gcc PIC flag -fPIC -DPIC works
configure:8231: gcc -c -g -O2  -fPIC -DPIC -DPIC conftest.c >&5
configure:8235: $? = 0
configure:8248: result: yes
configure:8277: checking if gcc static flag -static works
configure:8305: result: no
configure:8320: checking if gcc supports -c -o file.o
configure:8341: gcc -c -g -O2  -o out/conftest2.o conftest.c >&5
configure:8345: $? = 0
configure:8367: result: yes
configure:8375: checking if gcc supports -c -o file.o
configure:8422: result: yes
configure:8455: checking whether the gcc linker (/usr/bin/ld -m elf_x86_64) supports shared libraries
configure:9613: result: yes
configure:9650: checking whether -lc should be explicitly linked in
configure:9658: gcc -c -g -O2  conftest.c >&5
configure:9661: $? = 0
configure:9676: gcc -shared  -fPIC -DPIC conftest.o  -v -Wl,-soname -Wl,conftest -o conftest 2\>\&1 \| /bin/grep  -lc  \>/dev/null 2\>\&1
configure:9679: $? = 0
configure:9693: result: no
configure:9858: checking dynamic linker characteristics
configure:10385: gcc -o conftest -g -O2   -Wl,-rpath -Wl,/foo conftest.c  >&5
configure:10385: $? = 0
configure:10607: result: GNU/Linux ld.so
configure:10714: checking how to hardcode library paths into programs
configure:10739: result: immediate
configure:11279: checking whether stripping libraries is possible
configure:11284: result: yes
configure:11319: checking if libtool supports shared libraries
configure:11321: result: yes
configure:11324: checking whether to build shared libraries
configure:11345: result: yes
configure:11348: checking whether to build static libraries
configure:11352: result: yes
configure:11387: checking whether make sets $(MAKE)
configure:11409: result: yes
configure:11419: checking for inline
configure:11435: gcc -c -g -O2  conftest.c >&5
configure:11435: $? = 0
configure:11443: result: inline
configure:11469: checking for ISO C99 varargs macros in C
configure:11486: gcc -c -g -O2  conftest.c >&5
configure:11486: $? = 0
configure:11489: result: yes
configure:11509: checking for string.h
configure:11509: result: yes
configure:11521: checking math.h usability
configure:11521: gcc -c -g -O2  conftest.c >&5
configure:11521: $? = 0
configure:11521: result: yes
configure:11521: checking math.h presence
configure:11521: gcc -E  conftest.c
configure:11521: $? = 0
configure:11521: result: yes
configure:11521: checking for math.h
configure:11521: result: yes
configure:11533: checking sys/time.h usability
configure:11533: gcc -c -g -O2  conftest.c >&5
configure:11533: $? = 0
configure:11533: result: yes
configure:11533: checking sys/time.h presence
configure:11533: gcc -E  conftest.c
configure:11533: $? = 0
configure:11533: result: yes
configure:11533: checking for sys/time.h
configure:11533: result: yes
configure:11543: checking whether time.h and sys/time.h may both be included
configure:11563: gcc -c -g -O2  conftest.c >&5
configure:11563: $? = 0
configure:11570: result: yes
configure:11580: checking for strlcpy
configure:11580: gcc -o conftest -g -O2   conftest.c  >&5
/tmp/cchEY9wB.o: In function `main':
/home/zhaozijian/extmail/dspam-3.10.2/conftest.c:63: undefined reference to `strlcpy'
collect2: ld returned 1 exit status
configure:11580: $? = 1
configure: failed program was:
| /* confdefs.h */
| #define PACKAGE_NAME "dspam"
| #define PACKAGE_TARNAME "dspam"
| #define PACKAGE_VERSION "3.10.2"
| #define PACKAGE_STRING "dspam 3.10.2"
| #define PACKAGE_BUGREPORT "dspam-devel@lists.sourceforge.net"
| #define PACKAGE_URL ""
| #define PACKAGE "dspam"
| #define VERSION "3.10.2"
| #define STDC_HEADERS 1
| #define HAVE_SYS_TYPES_H 1
| #define HAVE_SYS_STAT_H 1
| #define HAVE_STDLIB_H 1
| #define HAVE_STRING_H 1
| #define HAVE_MEMORY_H 1
| #define HAVE_STRINGS_H 1
| #define HAVE_INTTYPES_H 1
| #define HAVE_STDINT_H 1
| #define HAVE_UNISTD_H 1
| #define HAVE_DLFCN_H 1
| #define LT_OBJDIR ".libs/"
| #define CONFIGURE_ARGS " '--program-prefix=' '--prefix=/usr' '--exec-prefix=/usr' '--bindir=/usr/bin' '--sbindir=/usr/sbin' '--sysconfdir=/etc' '--datadir=/usr/share' '--includedir=/usr/include' '--libdir=/usr/lib' '--libexecdir=/usr/libexec' '--localstatedir=/var' '--sharedstatedir=/usr/com' '--mandir=/usr/share/man' '--infodir=/usr/share/info' '--enable-long-usernames' '--enable-syslog' '--enable-daemon' '--enable-clamav' '--enable-debug' '--enable-large-scale' '--enable-virtual-users' '--enable-external-lookup' '--enable-preferences-extension' '--disable-trusted-user-security' '--with-mysql-includes=/usr/include/mysql' '--with-mysql-libraries=/usr/lib64/mysql/' '--with-pgsql-libraries=/usr/lib' '--with-storage-driver=mysql_drv,hash_drv' '--with-dspam-home=/var/lib/dspam' '--with-dspam-owner=vuser' '--with-dspam-group=vgroup' '--with-dspam-home-owner=vuser' '--with-dspam-home-group=vgroup' '--with-dspam-mode=2511' '--with-logdir=/var/log/dspam' '--sysconfdir=/etc/dspam'"
| #define HAVE_ISO_VARARGS 1
| #define HAVE_STRING_H 1
| #define HAVE_MATH_H 1
| #define HAVE_SYS_TIME_H 1
| #define TIME_WITH_SYS_TIME 1
| /* end confdefs.h.  */
| /* Define strlcpy to an innocuous variant, in case <limits.h> declares strlcpy.
|    For example, HP-UX 11i <limits.h> declares gettimeofday.  */
| #define strlcpy innocuous_strlcpy
| 
| /* System header to define __stub macros and hopefully few prototypes,
|     which can conflict with char strlcpy (); below.
|     Prefer <limits.h> to <assert.h> if __STDC__ is defined, since
|     <limits.h> exists even on freestanding compilers.  */
| 
| #ifdef __STDC__
| # include <limits.h>
| #else
| # include <assert.h>
| #endif
| 
| #undef strlcpy
| 
| /* Override any GCC internal prototype to avoid an error.
|    Use char because int might match the return type of a GCC
|    builtin and then its argument prototype would still apply.  */
| #ifdef __cplusplus
| extern "C"
| #endif
| char strlcpy ();
| /* The GNU C library defines this for functions which it implements
|     to always fail with ENOSYS.  Some functions are actually named
|     something starting with __ and the normal name is an alias.  */
| #if defined __stub_strlcpy || defined __stub___strlcpy
| choke me
| #endif
| 
| int
| main ()
| {
| return strlcpy ();
|   ;
|   return 0;
| }
configure:11580: result: no
configure:11591: checking for strsep
configure:11591: gcc -o conftest -g -O2   conftest.c  >&5
configure:11591: $? = 0
configure:11591: result: yes
configure:11602: checking for strtok_r
configure:11602: gcc -o conftest -g -O2   conftest.c  >&5
configure:11602: $? = 0
configure:11602: result: yes
configure:11613: checking for getpwnam_r
configure:11613: gcc -o conftest -g -O2   conftest.c  >&5
configure:11613: $? = 0
configure:11613: result: yes
configure:11624: checking for getpwuid_r
configure:11624: gcc -o conftest -g -O2   conftest.c  >&5
configure:11624: $? = 0
configure:11624: result: yes
configure:11636: checking for memcpy
configure:11636: gcc -o conftest -g -O2   conftest.c  >&5
conftest.c:56: warning: conflicting types for built-in function 'memcpy'
configure:11636: $? = 0
configure:11636: result: yes
configure:11636: checking for memset
configure:11636: gcc -o conftest -g -O2   conftest.c  >&5
conftest.c:57: warning: conflicting types for built-in function 'memset'
configure:11636: $? = 0
configure:11636: result: yes
configure:11647: checking for localtime_r
configure:11647: gcc -o conftest -g -O2   conftest.c  >&5
configure:11647: $? = 0
configure:11647: result: yes
configure:11675: checking for sys/types.h
configure:11675: result: yes
configure:11675: checking for sys/socket.h
configure:11675: gcc -c -g -O2  conftest.c >&5
configure:11675: $? = 0
configure:11675: result: yes
configure:11675: checking for netinet/in.h
configure:11675: gcc -c -g -O2  conftest.c >&5
configure:11675: $? = 0
configure:11675: result: yes
configure:11675: checking for arpa/inet.h
configure:11675: gcc -c -g -O2  conftest.c >&5
configure:11675: $? = 0
configure:11675: result: yes
configure:11695: checking for inet_ntoa_r
configure:11695: gcc -o conftest -g -O2   conftest.c  >&5
/tmp/cc00LRGV.o: In function `main':
/home/zhaozijian/extmail/dspam-3.10.2/conftest.c:74: undefined reference to `inet_ntoa_r'
collect2: ld returned 1 exit status
configure:11695: $? = 1
configure: failed program was:
| /* confdefs.h */
| #define PACKAGE_NAME "dspam"
| #define PACKAGE_TARNAME "dspam"
| #define PACKAGE_VERSION "3.10.2"
| #define PACKAGE_STRING "dspam 3.10.2"
| #define PACKAGE_BUGREPORT "dspam-devel@lists.sourceforge.net"
| #define PACKAGE_URL ""
| #define PACKAGE "dspam"
| #define VERSION "3.10.2"
| #define STDC_HEADERS 1
| #define HAVE_SYS_TYPES_H 1
| #define HAVE_SYS_STAT_H 1
| #define HAVE_STDLIB_H 1
| #define HAVE_STRING_H 1
| #define HAVE_MEMORY_H 1
| #define HAVE_STRINGS_H 1
| #define HAVE_INTTYPES_H 1
| #define HAVE_STDINT_H 1
| #define HAVE_UNISTD_H 1
| #define HAVE_DLFCN_H 1
| #define LT_OBJDIR ".libs/"
| #define CONFIGURE_ARGS " '--program-prefix=' '--prefix=/usr' '--exec-prefix=/usr' '--bindir=/usr/bin' '--sbindir=/usr/sbin' '--sysconfdir=/etc' '--datadir=/usr/share' '--includedir=/usr/include' '--libdir=/usr/lib' '--libexecdir=/usr/libexec' '--localstatedir=/var' '--sharedstatedir=/usr/com' '--mandir=/usr/share/man' '--infodir=/usr/share/info' '--enable-long-usernames' '--enable-syslog' '--enable-daemon' '--enable-clamav' '--enable-debug' '--enable-large-scale' '--enable-virtual-users' '--enable-external-lookup' '--enable-preferences-extension' '--disable-trusted-user-security' '--with-mysql-includes=/usr/include/mysql' '--with-mysql-libraries=/usr/lib64/mysql/' '--with-pgsql-libraries=/usr/lib' '--with-storage-driver=mysql_drv,hash_drv' '--with-dspam-home=/var/lib/dspam' '--with-dspam-owner=vuser' '--with-dspam-group=vgroup' '--with-dspam-home-owner=vuser' '--with-dspam-home-group=vgroup' '--with-dspam-mode=2511' '--with-logdir=/var/log/dspam' '--sysconfdir=/etc/dspam'"
| #define HAVE_ISO_VARARGS 1
| #define HAVE_STRING_H 1
| #define HAVE_MATH_H 1
| #define HAVE_SYS_TIME_H 1
| #define TIME_WITH_SYS_TIME 1
| #define HAVE_STRSEP 1
| #define HAVE_STRTOK_R 1
| #define HAVE_GETPWNAM_R 1
| #define HAVE_GETPWUID_R 1
| #define HAVE_MEMCPY 1
| #define HAVE_MEMSET 1
| #define HAVE_LOCALTIME_R 1
| #define HAVE_SYS_TYPES_H 1
| #define HAVE_SYS_SOCKET_H 1
| #define HAVE_NETINET_IN_H 1
| #define HAVE_ARPA_INET_H 1
| /* end confdefs.h.  */
| /* Define inet_ntoa_r to an innocuous variant, in case <limits.h> declares inet_ntoa_r.
|    For example, HP-UX 11i <limits.h> declares gettimeofday.  */
| #define inet_ntoa_r innocuous_inet_ntoa_r
| 
| /* System header to define __stub macros and hopefully few prototypes,
|     which can conflict with char inet_ntoa_r (); below.
|     Prefer <limits.h> to <assert.h> if __STDC__ is defined, since
|     <limits.h> exists even on freestanding compilers.  */
| 
| #ifdef __STDC__
| # include <limits.h>
| #else
| # include <assert.h>
| #endif
| 
| #undef inet_ntoa_r
| 
| /* Override any GCC internal prototype to avoid an error.
|    Use char because int might match the return type of a GCC
|    builtin and then its argument prototype would still apply.  */
| #ifdef __cplusplus
| extern "C"
| #endif
| char inet_ntoa_r ();
| /* The GNU C library defines this for functions which it implements
|     to always fail with ENOSYS.  Some functions are actually named
|     something starting with __ and the normal name is an alias.  */
| #if defined __stub_inet_ntoa_r || defined __stub___inet_ntoa_r
| choke me
| #endif
| 
| int
| main ()
| {
| return inet_ntoa_r ();
|   ;
|   return 0;
| }
configure:11695: result: no
configure:11820: checking if inet_ntoa_r might be used
configure:11844: result: no
configure:11851: checking for strcasestr
configure:11851: gcc -o conftest -g -O2   conftest.c  >&5
configure:11851: $? = 0
configure:11851: result: yes
configure:11870: checking whether to enable daemon mode
configure:11892: result: yes
configure:11909: checking how you like your pthreads
configure:11937: gcc -o conftest -g -O2   conftest.c  -pthread >&5
configure:11937: $? = 0
configure:11937: ./conftest
configure:11937: $? = 0
configure:11941: result: -pthread
configure:12071: checking for sys/types.h
configure:12071: result: yes
configure:12071: checking for sys/socket.h
configure:12071: result: yes
configure:12071: checking for netinet/in.h
configure:12071: result: yes
configure:12071: checking for arpa/inet.h
configure:12071: result: yes
configure:12091: checking for library containing inet_ntoa
configure:12122: gcc -o conftest -g -O2     conftest.c  >&5
configure:12122: $? = 0
configure:12139: result: none required
configure:12151: checking for library containing socket
configure:12182: gcc -o conftest -g -O2     conftest.c  >&5
configure:12182: $? = 0
configure:12199: result: none required
configure:12247: checking for library containing dlopen
configure:12278: gcc -o conftest -g -O2     conftest.c  >&5
/tmp/cc068CBa.o: In function `main':
/home/zhaozijian/extmail/dspam-3.10.2/conftest.c:57: undefined reference to `dlopen'
collect2: ld returned 1 exit status
configure:12278: $? = 1
configure: failed program was:
| /* confdefs.h */
| #define PACKAGE_NAME "dspam"
| #define PACKAGE_TARNAME "dspam"
| #define PACKAGE_VERSION "3.10.2"
| #define PACKAGE_STRING "dspam 3.10.2"
| #define PACKAGE_BUGREPORT "dspam-devel@lists.sourceforge.net"
| #define PACKAGE_URL ""
| #define PACKAGE "dspam"
| #define VERSION "3.10.2"
| #define STDC_HEADERS 1
| #define HAVE_SYS_TYPES_H 1
| #define HAVE_SYS_STAT_H 1
| #define HAVE_STDLIB_H 1
| #define HAVE_STRING_H 1
| #define HAVE_MEMORY_H 1
| #define HAVE_STRINGS_H 1
| #define HAVE_INTTYPES_H 1
| #define HAVE_STDINT_H 1
| #define HAVE_UNISTD_H 1
| #define HAVE_DLFCN_H 1
| #define LT_OBJDIR ".libs/"
| #define CONFIGURE_ARGS " '--program-prefix=' '--prefix=/usr' '--exec-prefix=/usr' '--bindir=/usr/bin' '--sbindir=/usr/sbin' '--sysconfdir=/etc' '--datadir=/usr/share' '--includedir=/usr/include' '--libdir=/usr/lib' '--libexecdir=/usr/libexec' '--localstatedir=/var' '--sharedstatedir=/usr/com' '--mandir=/usr/share/man' '--infodir=/usr/share/info' '--enable-long-usernames' '--enable-syslog' '--enable-daemon' '--enable-clamav' '--enable-debug' '--enable-large-scale' '--enable-virtual-users' '--enable-external-lookup' '--enable-preferences-extension' '--disable-trusted-user-security' '--with-mysql-includes=/usr/include/mysql' '--with-mysql-libraries=/usr/lib64/mysql/' '--with-pgsql-libraries=/usr/lib' '--with-storage-driver=mysql_drv,hash_drv' '--with-dspam-home=/var/lib/dspam' '--with-dspam-owner=vuser' '--with-dspam-group=vgroup' '--with-dspam-home-owner=vuser' '--with-dspam-home-group=vgroup' '--with-dspam-mode=2511' '--with-logdir=/var/log/dspam' '--sysconfdir=/etc/dspam'"
| #define HAVE_ISO_VARARGS 1
| #define HAVE_STRING_H 1
| #define HAVE_MATH_H 1
| #define HAVE_SYS_TIME_H 1
| #define TIME_WITH_SYS_TIME 1
| #define HAVE_STRSEP 1
| #define HAVE_STRTOK_R 1
| #define HAVE_GETPWNAM_R 1
| #define HAVE_GETPWUID_R 1
| #define HAVE_MEMCPY 1
| #define HAVE_MEMSET 1
| #define HAVE_LOCALTIME_R 1
| #define HAVE_SYS_TYPES_H 1
| #define HAVE_SYS_SOCKET_H 1
| #define HAVE_NETINET_IN_H 1
| #define HAVE_ARPA_INET_H 1
| #define HAVE_STRCASESTR 1
| #define DAEMON 1
| #define HAVE_SYS_TYPES_H 1
| #define HAVE_SYS_SOCKET_H 1
| #define HAVE_NETINET_IN_H 1
| #define HAVE_ARPA_INET_H 1
| /* end confdefs.h.  */
| 
| /* Override any GCC internal prototype to avoid an error.
|    Use char because int might match the return type of a GCC
|    builtin and then its argument prototype would still apply.  */
| #ifdef __cplusplus
| extern "C"
| #endif
| char dlopen ();
| int
| main ()
| {
| return dlopen ();
|   ;
|   return 0;
| }
configure:12278: gcc -o conftest -g -O2     conftest.c -ldl   >&5
configure:12278: $? = 0
configure:12295: result: -ldl
configure:12344: checking whether to enable split configuration file support
configure:12366: result: no
configure:12380: checking whether to enable external lookup support
configure:12400: result: yes
configure:12410: checking lber.h usability
configure:12410: gcc -c -g -O2   conftest.c >&5
conftest.c:80:18: error: lber.h: No such file or directory
configure:12410: $? = 1
configure: failed program was:
| /* confdefs.h */
| #define PACKAGE_NAME "dspam"
| #define PACKAGE_TARNAME "dspam"
| #define PACKAGE_VERSION "3.10.2"
| #define PACKAGE_STRING "dspam 3.10.2"
| #define PACKAGE_BUGREPORT "dspam-devel@lists.sourceforge.net"
| #define PACKAGE_URL ""
| #define PACKAGE "dspam"
| #define VERSION "3.10.2"
| #define STDC_HEADERS 1
| #define HAVE_SYS_TYPES_H 1
| #define HAVE_SYS_STAT_H 1
| #define HAVE_STDLIB_H 1
| #define HAVE_STRING_H 1
| #define HAVE_MEMORY_H 1
| #define HAVE_STRINGS_H 1
| #define HAVE_INTTYPES_H 1
| #define HAVE_STDINT_H 1
| #define HAVE_UNISTD_H 1
| #define HAVE_DLFCN_H 1
| #define LT_OBJDIR ".libs/"
| #define CONFIGURE_ARGS " '--program-prefix=' '--prefix=/usr' '--exec-prefix=/usr' '--bindir=/usr/bin' '--sbindir=/usr/sbin' '--sysconfdir=/etc' '--datadir=/usr/share' '--includedir=/usr/include' '--libdir=/usr/lib' '--libexecdir=/usr/libexec' '--localstatedir=/var' '--sharedstatedir=/usr/com' '--mandir=/usr/share/man' '--infodir=/usr/share/info' '--enable-long-usernames' '--enable-syslog' '--enable-daemon' '--enable-clamav' '--enable-debug' '--enable-large-scale' '--enable-virtual-users' '--enable-external-lookup' '--enable-preferences-extension' '--disable-trusted-user-security' '--with-mysql-includes=/usr/include/mysql' '--with-mysql-libraries=/usr/lib64/mysql/' '--with-pgsql-libraries=/usr/lib' '--with-storage-driver=mysql_drv,hash_drv' '--with-dspam-home=/var/lib/dspam' '--with-dspam-owner=vuser' '--with-dspam-group=vgroup' '--with-dspam-home-owner=vuser' '--with-dspam-home-group=vgroup' '--with-dspam-mode=2511' '--with-logdir=/var/log/dspam' '--sysconfdir=/etc/dspam'"
| #define HAVE_ISO_VARARGS 1
| #define HAVE_STRING_H 1
| #define HAVE_MATH_H 1
| #define HAVE_SYS_TIME_H 1
| #define TIME_WITH_SYS_TIME 1
| #define HAVE_STRSEP 1
| #define HAVE_STRTOK_R 1
| #define HAVE_GETPWNAM_R 1
| #define HAVE_GETPWUID_R 1
| #define HAVE_MEMCPY 1
| #define HAVE_MEMSET 1
| #define HAVE_LOCALTIME_R 1
| #define HAVE_SYS_TYPES_H 1
| #define HAVE_SYS_SOCKET_H 1
| #define HAVE_NETINET_IN_H 1
| #define HAVE_ARPA_INET_H 1
| #define HAVE_STRCASESTR 1
| #define DAEMON 1
| #define HAVE_SYS_TYPES_H 1
| #define HAVE_SYS_SOCKET_H 1
| #define HAVE_NETINET_IN_H 1
| #define HAVE_ARPA_INET_H 1
| #define EXT_LOOKUP 1
| /* end confdefs.h.  */
| #include <stdio.h>
| #ifdef HAVE_SYS_TYPES_H
| # include <sys/types.h>
| #endif
| #ifdef HAVE_SYS_STAT_H
| # include <sys/stat.h>
| #endif
| #ifdef STDC_HEADERS
| # include <stdlib.h>
| # include <stddef.h>
| #else
| # ifdef HAVE_STDLIB_H
| #  include <stdlib.h>
| # endif
| #endif
| #ifdef HAVE_STRING_H
| # if !defined STDC_HEADERS && defined HAVE_MEMORY_H
| #  include <memory.h>
| # endif
| # include <string.h>
| #endif
| #ifdef HAVE_STRINGS_H
| # include <strings.h>
| #endif
| #ifdef HAVE_INTTYPES_H
| # include <inttypes.h>
| #endif
| #ifdef HAVE_STDINT_H
| # include <stdint.h>
| #endif
| #ifdef HAVE_UNISTD_H
| # include <unistd.h>
| #endif
| #include <lber.h>
configure:12410: result: no
configure:12410: checking lber.h presence
configure:12410: gcc -E   conftest.c
conftest.c:47:18: error: lber.h: No such file or directory
configure:12410: $? = 1
configure: failed program was:
| /* confdefs.h */
| #define PACKAGE_NAME "dspam"
| #define PACKAGE_TARNAME "dspam"
| #define PACKAGE_VERSION "3.10.2"
| #define PACKAGE_STRING "dspam 3.10.2"
| #define PACKAGE_BUGREPORT "dspam-devel@lists.sourceforge.net"
| #define PACKAGE_URL ""
| #define PACKAGE "dspam"
| #define VERSION "3.10.2"
| #define STDC_HEADERS 1
| #define HAVE_SYS_TYPES_H 1
| #define HAVE_SYS_STAT_H 1
| #define HAVE_STDLIB_H 1
| #define HAVE_STRING_H 1
| #define HAVE_MEMORY_H 1
| #define HAVE_STRINGS_H 1
| #define HAVE_INTTYPES_H 1
| #define HAVE_STDINT_H 1
| #define HAVE_UNISTD_H 1
| #define HAVE_DLFCN_H 1
| #define LT_OBJDIR ".libs/"
| #define CONFIGURE_ARGS " '--program-prefix=' '--prefix=/usr' '--exec-prefix=/usr' '--bindir=/usr/bin' '--sbindir=/usr/sbin' '--sysconfdir=/etc' '--datadir=/usr/share' '--includedir=/usr/include' '--libdir=/usr/lib' '--libexecdir=/usr/libexec' '--localstatedir=/var' '--sharedstatedir=/usr/com' '--mandir=/usr/share/man' '--infodir=/usr/share/info' '--enable-long-usernames' '--enable-syslog' '--enable-daemon' '--enable-clamav' '--enable-debug' '--enable-large-scale' '--enable-virtual-users' '--enable-external-lookup' '--enable-preferences-extension' '--disable-trusted-user-security' '--with-mysql-includes=/usr/include/mysql' '--with-mysql-libraries=/usr/lib64/mysql/' '--with-pgsql-libraries=/usr/lib' '--with-storage-driver=mysql_drv,hash_drv' '--with-dspam-home=/var/lib/dspam' '--with-dspam-owner=vuser' '--with-dspam-group=vgroup' '--with-dspam-home-owner=vuser' '--with-dspam-home-group=vgroup' '--with-dspam-mode=2511' '--with-logdir=/var/log/dspam' '--sysconfdir=/etc/dspam'"
| #define HAVE_ISO_VARARGS 1
| #define HAVE_STRING_H 1
| #define HAVE_MATH_H 1
| #define HAVE_SYS_TIME_H 1
| #define TIME_WITH_SYS_TIME 1
| #define HAVE_STRSEP 1
| #define HAVE_STRTOK_R 1
| #define HAVE_GETPWNAM_R 1
| #define HAVE_GETPWUID_R 1
| #define HAVE_MEMCPY 1
| #define HAVE_MEMSET 1
| #define HAVE_LOCALTIME_R 1
| #define HAVE_SYS_TYPES_H 1
| #define HAVE_SYS_SOCKET_H 1
| #define HAVE_NETINET_IN_H 1
| #define HAVE_ARPA_INET_H 1
| #define HAVE_STRCASESTR 1
| #define DAEMON 1
| #define HAVE_SYS_TYPES_H 1
| #define HAVE_SYS_SOCKET_H 1
| #define HAVE_NETINET_IN_H 1
| #define HAVE_ARPA_INET_H 1
| #define EXT_LOOKUP 1
| /* end confdefs.h.  */
| #include <lber.h>
configure:12410: result: no
configure:12410: checking for lber.h
configure:12410: result: no
configure:12410: checking ldap.h usability
configure:12410: gcc -c -g -O2   conftest.c >&5
conftest.c:80:18: error: ldap.h: No such file or directory
configure:12410: $? = 1
configure: failed program was:
| /* confdefs.h */
| #define PACKAGE_NAME "dspam"
| #define PACKAGE_TARNAME "dspam"
| #define PACKAGE_VERSION "3.10.2"
| #define PACKAGE_STRING "dspam 3.10.2"
| #define PACKAGE_BUGREPORT "dspam-devel@lists.sourceforge.net"
| #define PACKAGE_URL ""
| #define PACKAGE "dspam"
| #define VERSION "3.10.2"
| #define STDC_HEADERS 1
| #define HAVE_SYS_TYPES_H 1
| #define HAVE_SYS_STAT_H 1
| #define HAVE_STDLIB_H 1
| #define HAVE_STRING_H 1
| #define HAVE_MEMORY_H 1
| #define HAVE_STRINGS_H 1
| #define HAVE_INTTYPES_H 1
| #define HAVE_STDINT_H 1
| #define HAVE_UNISTD_H 1
| #define HAVE_DLFCN_H 1
| #define LT_OBJDIR ".libs/"
| #define CONFIGURE_ARGS " '--program-prefix=' '--prefix=/usr' '--exec-prefix=/usr' '--bindir=/usr/bin' '--sbindir=/usr/sbin' '--sysconfdir=/etc' '--datadir=/usr/share' '--includedir=/usr/include' '--libdir=/usr/lib' '--libexecdir=/usr/libexec' '--localstatedir=/var' '--sharedstatedir=/usr/com' '--mandir=/usr/share/man' '--infodir=/usr/share/info' '--enable-long-usernames' '--enable-syslog' '--enable-daemon' '--enable-clamav' '--enable-debug' '--enable-large-scale' '--enable-virtual-users' '--enable-external-lookup' '--enable-preferences-extension' '--disable-trusted-user-security' '--with-mysql-includes=/usr/include/mysql' '--with-mysql-libraries=/usr/lib64/mysql/' '--with-pgsql-libraries=/usr/lib' '--with-storage-driver=mysql_drv,hash_drv' '--with-dspam-home=/var/lib/dspam' '--with-dspam-owner=vuser' '--with-dspam-group=vgroup' '--with-dspam-home-owner=vuser' '--with-dspam-home-group=vgroup' '--with-dspam-mode=2511' '--with-logdir=/var/log/dspam' '--sysconfdir=/etc/dspam'"
| #define HAVE_ISO_VARARGS 1
| #define HAVE_STRING_H 1
| #define HAVE_MATH_H 1
| #define HAVE_SYS_TIME_H 1
| #define TIME_WITH_SYS_TIME 1
| #define HAVE_STRSEP 1
| #define HAVE_STRTOK_R 1
| #define HAVE_GETPWNAM_R 1
| #define HAVE_GETPWUID_R 1
| #define HAVE_MEMCPY 1
| #define HAVE_MEMSET 1
| #define HAVE_LOCALTIME_R 1
| #define HAVE_SYS_TYPES_H 1
| #define HAVE_SYS_SOCKET_H 1
| #define HAVE_NETINET_IN_H 1
| #define HAVE_ARPA_INET_H 1
| #define HAVE_STRCASESTR 1
| #define DAEMON 1
| #define HAVE_SYS_TYPES_H 1
| #define HAVE_SYS_SOCKET_H 1
| #define HAVE_NETINET_IN_H 1
| #define HAVE_ARPA_INET_H 1
| #define EXT_LOOKUP 1
| /* end confdefs.h.  */
| #include <stdio.h>
| #ifdef HAVE_SYS_TYPES_H
| # include <sys/types.h>
| #endif
| #ifdef HAVE_SYS_STAT_H
| # include <sys/stat.h>
| #endif
| #ifdef STDC_HEADERS
| # include <stdlib.h>
| # include <stddef.h>
| #else
| # ifdef HAVE_STDLIB_H
| #  include <stdlib.h>
| # endif
| #endif
| #ifdef HAVE_STRING_H
| # if !defined STDC_HEADERS && defined HAVE_MEMORY_H
| #  include <memory.h>
| # endif
| # include <string.h>
| #endif
| #ifdef HAVE_STRINGS_H
| # include <strings.h>
| #endif
| #ifdef HAVE_INTTYPES_H
| # include <inttypes.h>
| #endif
| #ifdef HAVE_STDINT_H
| # include <stdint.h>
| #endif
| #ifdef HAVE_UNISTD_H
| # include <unistd.h>
| #endif
| #include <ldap.h>
configure:12410: result: no
configure:12410: checking ldap.h presence
configure:12410: gcc -E   conftest.c
conftest.c:47:18: error: ldap.h: No such file or directory
configure:12410: $? = 1
configure: failed program was:
| /* confdefs.h */
| #define PACKAGE_NAME "dspam"
| #define PACKAGE_TARNAME "dspam"
| #define PACKAGE_VERSION "3.10.2"
| #define PACKAGE_STRING "dspam 3.10.2"
| #define PACKAGE_BUGREPORT "dspam-devel@lists.sourceforge.net"
| #define PACKAGE_URL ""
| #define PACKAGE "dspam"
| #define VERSION "3.10.2"
| #define STDC_HEADERS 1
| #define HAVE_SYS_TYPES_H 1
| #define HAVE_SYS_STAT_H 1
| #define HAVE_STDLIB_H 1
| #define HAVE_STRING_H 1
| #define HAVE_MEMORY_H 1
| #define HAVE_STRINGS_H 1
| #define HAVE_INTTYPES_H 1
| #define HAVE_STDINT_H 1
| #define HAVE_UNISTD_H 1
| #define HAVE_DLFCN_H 1
| #define LT_OBJDIR ".libs/"
| #define CONFIGURE_ARGS " '--program-prefix=' '--prefix=/usr' '--exec-prefix=/usr' '--bindir=/usr/bin' '--sbindir=/usr/sbin' '--sysconfdir=/etc' '--datadir=/usr/share' '--includedir=/usr/include' '--libdir=/usr/lib' '--libexecdir=/usr/libexec' '--localstatedir=/var' '--sharedstatedir=/usr/com' '--mandir=/usr/share/man' '--infodir=/usr/share/info' '--enable-long-usernames' '--enable-syslog' '--enable-daemon' '--enable-clamav' '--enable-debug' '--enable-large-scale' '--enable-virtual-users' '--enable-external-lookup' '--enable-preferences-extension' '--disable-trusted-user-security' '--with-mysql-includes=/usr/include/mysql' '--with-mysql-libraries=/usr/lib64/mysql/' '--with-pgsql-libraries=/usr/lib' '--with-storage-driver=mysql_drv,hash_drv' '--with-dspam-home=/var/lib/dspam' '--with-dspam-owner=vuser' '--with-dspam-group=vgroup' '--with-dspam-home-owner=vuser' '--with-dspam-home-group=vgroup' '--with-dspam-mode=2511' '--with-logdir=/var/log/dspam' '--sysconfdir=/etc/dspam'"
| #define HAVE_ISO_VARARGS 1
| #define HAVE_STRING_H 1
| #define HAVE_MATH_H 1
| #define HAVE_SYS_TIME_H 1
| #define TIME_WITH_SYS_TIME 1
| #define HAVE_STRSEP 1
| #define HAVE_STRTOK_R 1
| #define HAVE_GETPWNAM_R 1
| #define HAVE_GETPWUID_R 1
| #define HAVE_MEMCPY 1
| #define HAVE_MEMSET 1
| #define HAVE_LOCALTIME_R 1
| #define HAVE_SYS_TYPES_H 1
| #define HAVE_SYS_SOCKET_H 1
| #define HAVE_NETINET_IN_H 1
| #define HAVE_ARPA_INET_H 1
| #define HAVE_STRCASESTR 1
| #define DAEMON 1
| #define HAVE_SYS_TYPES_H 1
| #define HAVE_SYS_SOCKET_H 1
| #define HAVE_NETINET_IN_H 1
| #define HAVE_ARPA_INET_H 1
| #define EXT_LOOKUP 1
| /* end confdefs.h.  */
| #include <ldap.h>
configure:12410: result: no
configure:12410: checking for ldap.h
configure:12410: result: no
configure:12554: checking whether to enable LDAP support in external lookup
configure:12557: result: no
configure:12588: checking for dspam_home
configure:12590: result: /var/lib/dspam
configure:12690: checking which delivery agent to activate in dspam.conf
configure:12708: result: /usr/bin/procmail
configure:12720: checking whether to enable trusted user security
configure:12743: result: no
configure:12754: checking whether to enable clamav
configure:12776: result: yes
configure:12787: checking whether to enable debug output
configure:12809: result: yes
configure:12820: checking whether to enable syslog output
configure:12842: result: yes
configure:12853: checking whether to enable debug output for BNR
configure:12875: result: no
configure:12887: checking whether to enable home directory support
configure:12909: result: no
configure:12920: checking whether to enable MySQL client initialization
configure:12944: result: yes
configure:12957: checking whether to enable preferences-extension
configure:12979: result: yes
configure:12990: checking whether to enable verbose debug output
configure:13015: result: no
configure:13026: checking whether to enable long usernames
configure:13048: result: yes
configure:13059: checking whether to enable large scale implementation
configure:13081: result: yes
configure:13092: checking whether to enable domain structure implementation
configure:13114: result: no
configure:13140: checking for logdir
configure:13142: result: /var/log/dspam
configure:13158: checking which storage drivers to build
configure:13160: result: mysql_drv,hash_drv
configure:13210: checking whether to enable virtual users
configure:13232: result: yes
configure:13242: checking where to find MySQL headers
configure:13249: result: /usr/include/mysql
configure:13263: checking mysql.h usability
configure:13263: gcc -c -g -O2 -I/usr/include/mysql   conftest.c >&5
configure:13263: $? = 0
configure:13263: result: yes
configure:13263: checking mysql.h presence
configure:13263: gcc -E -I/usr/include/mysql   conftest.c
configure:13263: $? = 0
configure:13263: result: yes
configure:13263: checking for mysql.h
configure:13263: result: yes
configure:13263: checking mysqld_error.h usability
configure:13263: gcc -c -g -O2 -I/usr/include/mysql   conftest.c >&5
configure:13263: $? = 0
configure:13263: result: yes
configure:13263: checking mysqld_error.h presence
configure:13263: gcc -E -I/usr/include/mysql   conftest.c
configure:13263: $? = 0
configure:13263: result: yes
configure:13263: checking for mysqld_error.h
configure:13263: result: yes
configure:13263: checking errmsg.h usability
configure:13263: gcc -c -g -O2 -I/usr/include/mysql   conftest.c >&5
configure:13263: $? = 0
configure:13263: result: yes
configure:13263: checking errmsg.h presence
configure:13263: gcc -E -I/usr/include/mysql   conftest.c
configure:13263: $? = 0
configure:13263: result: yes
configure:13263: checking for errmsg.h
configure:13263: result: yes
configure:13290: gcc -E -I/usr/include/mysql   conftest.c
configure:13290: $? = 0
configure:13327: checking for library containing gzopen
configure:13358: gcc -o conftest -g -O2 -I/usr/include/mysql     -rdynamic conftest.c  -pthread >&5
/tmp/cc4Q5FvA.o: In function `main':
/home/zhaozijian/extmail/dspam-3.10.2/conftest.c:69: undefined reference to `gzopen'
collect2: ld returned 1 exit status
configure:13358: $? = 1
configure: failed program was:
| /* confdefs.h */
| #define PACKAGE_NAME "dspam"
| #define PACKAGE_TARNAME "dspam"
| #define PACKAGE_VERSION "3.10.2"
| #define PACKAGE_STRING "dspam 3.10.2"
| #define PACKAGE_BUGREPORT "dspam-devel@lists.sourceforge.net"
| #define PACKAGE_URL ""
| #define PACKAGE "dspam"
| #define VERSION "3.10.2"
| #define STDC_HEADERS 1
| #define HAVE_SYS_TYPES_H 1
| #define HAVE_SYS_STAT_H 1
| #define HAVE_STDLIB_H 1
| #define HAVE_STRING_H 1
| #define HAVE_MEMORY_H 1
| #define HAVE_STRINGS_H 1
| #define HAVE_INTTYPES_H 1
| #define HAVE_STDINT_H 1
| #define HAVE_UNISTD_H 1
| #define HAVE_DLFCN_H 1
| #define LT_OBJDIR ".libs/"
| #define CONFIGURE_ARGS " '--program-prefix=' '--prefix=/usr' '--exec-prefix=/usr' '--bindir=/usr/bin' '--sbindir=/usr/sbin' '--sysconfdir=/etc' '--datadir=/usr/share' '--includedir=/usr/include' '--libdir=/usr/lib' '--libexecdir=/usr/libexec' '--localstatedir=/var' '--sharedstatedir=/usr/com' '--mandir=/usr/share/man' '--infodir=/usr/share/info' '--enable-long-usernames' '--enable-syslog' '--enable-daemon' '--enable-clamav' '--enable-debug' '--enable-large-scale' '--enable-virtual-users' '--enable-external-lookup' '--enable-preferences-extension' '--disable-trusted-user-security' '--with-mysql-includes=/usr/include/mysql' '--with-mysql-libraries=/usr/lib64/mysql/' '--with-pgsql-libraries=/usr/lib' '--with-storage-driver=mysql_drv,hash_drv' '--with-dspam-home=/var/lib/dspam' '--with-dspam-owner=vuser' '--with-dspam-group=vgroup' '--with-dspam-home-owner=vuser' '--with-dspam-home-group=vgroup' '--with-dspam-mode=2511' '--with-logdir=/var/log/dspam' '--sysconfdir=/etc/dspam'"
| #define HAVE_ISO_VARARGS 1
| #define HAVE_STRING_H 1
| #define HAVE_MATH_H 1
| #define HAVE_SYS_TIME_H 1
| #define TIME_WITH_SYS_TIME 1
| #define HAVE_STRSEP 1
| #define HAVE_STRTOK_R 1
| #define HAVE_GETPWNAM_R 1
| #define HAVE_GETPWUID_R 1
| #define HAVE_MEMCPY 1
| #define HAVE_MEMSET 1
| #define HAVE_LOCALTIME_R 1
| #define HAVE_SYS_TYPES_H 1
| #define HAVE_SYS_SOCKET_H 1
| #define HAVE_NETINET_IN_H 1
| #define HAVE_ARPA_INET_H 1
| #define HAVE_STRCASESTR 1
| #define DAEMON 1
| #define HAVE_SYS_TYPES_H 1
| #define HAVE_SYS_SOCKET_H 1
| #define HAVE_NETINET_IN_H 1
| #define HAVE_ARPA_INET_H 1
| #define EXT_LOOKUP 1
| #define CLAMAV 1
| #define DEBUG 1
| #define USE_SYSLOG 1
| #define MYSQL4_INITIALIZATION 1
| #define PREFERENCES_EXTENSION 1
| #define LONG_USERNAMES 1
| #define LARGESCALE 1
| #define VIRTUAL_USERS 1
| #define HAVE_MYSQL_H 1
| #define HAVE_MYSQLD_ERROR_H 1
| #define HAVE_ERRMSG_H 1
| /* end confdefs.h.  */
| 
| /* Override any GCC internal prototype to avoid an error.
|    Use char because int might match the return type of a GCC
|    builtin and then its argument prototype would still apply.  */
| #ifdef __cplusplus
| extern "C"
| #endif
| char gzopen ();
| int
| main ()
| {
| return gzopen ();
|   ;
|   return 0;
| }
configure:13358: gcc -o conftest -g -O2 -I/usr/include/mysql     -rdynamic conftest.c -lz   -pthread >&5
configure:13358: $? = 0
configure:13375: result: -lz
configure:13396: checking where to find MySQL libraries
configure:13403: result: /usr/lib64/mysql/
configure:13423: checking for library containing inet_ntoa
configure:13471: result: none required
configure:13483: checking for library containing socket
configure:13531: result: none required
configure:13560: checking for mysql_init in -lmysqlclient
configure:13583: gcc -o conftest -g -O2 -I/usr/include/mysql   -L/usr/lib64/mysql/   -rdynamic conftest.c -lmysqlclient   -pthread >&5
configure:13583: $? = 0
configure:13591: result: yes
configure:13596: checking for MySQL client version >= 5.0.0
configure:13631: gcc -o conftest -g -O2 -I/usr/include/mysql   -L/usr/lib64/mysql/   -rdynamic conftest.c -lmysqlclient   -pthread >&5
configure:13631: $? = 0
configure:13631: ./conftest
configure:13631: $? = 0
configure:13633: result: yes
configure:15084: checking whether we are building a single, static storage driver
configure:15098: result: no
configure:15175: checking whether to enable profiling output
configure:15196: result: no
configure:15413: creating ./config.status

## ---------------------- ##
## Running config.status. ##
## ---------------------- ##

This file was extended by dspam config.status 3.10.2, which was
generated by GNU Autoconf 2.68.  Invocation command line was

  CONFIG_FILES    = 
  CONFIG_HEADERS  = 
  CONFIG_LINKS    = 
  CONFIG_COMMANDS = 
  $ ./config.status 

on 10-13-28-211

config.status:1200: creating Makefile
config.status:1200: creating src/tools/Makefile
config.status:1200: creating webui/Makefile
config.status:1200: creating m4/Makefile
config.status:1200: creating src/tools.mysql_drv/Makefile
config.status:1200: creating txt/Makefile
config.status:1200: creating src/tools.pgsql_drv/Makefile
config.status:1200: creating src/Makefile
config.status:1200: creating webui/cgi-bin/templates/Makefile
config.status:1200: creating webui/cgi-bin/templates/cs/Makefile
config.status:1200: creating webui/cgi-bin/templates/de/Makefile
config.status:1200: creating webui/cgi-bin/templates/es-es/Makefile
config.status:1200: creating webui/cgi-bin/templates/fr/Makefile
config.status:1200: creating webui/cgi-bin/templates/he/Makefile
config.status:1200: creating webui/cgi-bin/templates/pt-br/Makefile
config.status:1200: creating webui/cgi-bin/templates/ro/Makefile
config.status:1200: creating webui/cgi-bin/templates/ru/Makefile
config.status:1200: creating src/tools.sqlite_drv/Makefile
config.status:1200: creating man/Makefile
config.status:1200: creating src/dspam.pc
config.status:1200: creating src/dspam-uninstalled.pc
config.status:1200: creating doc/Makefile
config.status:1200: creating src/tools.hash_drv/Makefile
config.status:1200: creating webui/cgi-bin/Makefile
config.status:1200: creating webui/htdocs/Makefile
config.status:1200: creating contrib/Makefile
config.status:1200: creating src/auto-config.h
config.status:1429: executing depfiles commands
config.status:1429: executing libtool commands

## ---------------- ##
## Cache variables. ##
## ---------------- ##

ac_cv_build=x86_64-unknown-linux-gnu
ac_cv_c_compiler_gnu=yes
ac_cv_c_inline=inline
ac_cv_env_CC_set=
ac_cv_env_CC_value=
ac_cv_env_CFLAGS_set=
ac_cv_env_CFLAGS_value=
ac_cv_env_CPPFLAGS_set=
ac_cv_env_CPPFLAGS_value=
ac_cv_env_CPP_set=
ac_cv_env_CPP_value=
ac_cv_env_LDFLAGS_set=
ac_cv_env_LDFLAGS_value=
ac_cv_env_LIBS_set=
ac_cv_env_LIBS_value=
ac_cv_env_build_alias_set=
ac_cv_env_build_alias_value=
ac_cv_env_host_alias_set=
ac_cv_env_host_alias_value=
ac_cv_env_target_alias_set=
ac_cv_env_target_alias_value=
ac_cv_func_getpwnam_r=yes
ac_cv_func_getpwuid_r=yes
ac_cv_func_inet_ntoa_r=no
ac_cv_func_localtime_r=yes
ac_cv_func_memcpy=yes
ac_cv_func_memset=yes
ac_cv_func_strcasestr=yes
ac_cv_func_strlcpy=no
ac_cv_func_strsep=yes
ac_cv_func_strtok_r=yes
ac_cv_header_arpa_inet_h=yes
ac_cv_header_dlfcn_h=yes
ac_cv_header_errmsg_h=yes
ac_cv_header_inttypes_h=yes
ac_cv_header_lber_h=no
ac_cv_header_ldap_h=no
ac_cv_header_math_h=yes
ac_cv_header_memory_h=yes
ac_cv_header_mysql_h=yes
ac_cv_header_mysqld_error_h=yes
ac_cv_header_netinet_in_h=yes
ac_cv_header_stdc=yes
ac_cv_header_stdint_h=yes
ac_cv_header_stdlib_h=yes
ac_cv_header_string_h=yes
ac_cv_header_strings_h=yes
ac_cv_header_sys_socket_h=yes
ac_cv_header_sys_stat_h=yes
ac_cv_header_sys_time_h=yes
ac_cv_header_sys_types_h=yes
ac_cv_header_time=yes
ac_cv_header_unistd_h=yes
ac_cv_host=x86_64-unknown-linux-gnu
ac_cv_objext=o
ac_cv_path_EGREP='/bin/grep -E'
ac_cv_path_FGREP='/bin/grep -F'
ac_cv_path_GREP=/bin/grep
ac_cv_path_SED=/bin/sed
ac_cv_path_install='/usr/bin/install -c'
ac_cv_path_mkdir=/bin/mkdir
ac_cv_prog_AWK=gawk
ac_cv_prog_CPP='gcc -E'
ac_cv_prog_ac_ct_AR=ar
ac_cv_prog_ac_ct_CC=gcc
ac_cv_prog_ac_ct_OBJDUMP=objdump
ac_cv_prog_ac_ct_RANLIB=ranlib
ac_cv_prog_ac_ct_STRIP=strip
ac_cv_prog_cc_c89=
ac_cv_prog_cc_g=yes
ac_cv_prog_make_make_set=yes
ac_cv_search_dlopen=-ldl
ac_cv_search_gzopen=-lz
ac_cv_search_inet_ntoa='none required'
ac_cv_search_socket='none required'
am_cv_CC_dependencies_compiler_type=gcc3
lt_cv_ar_at_file=@
lt_cv_archive_cmds_need_lc=no
lt_cv_deplibs_check_method=pass_all
lt_cv_file_magic_cmd='$MAGIC_CMD'
lt_cv_file_magic_test_file=
lt_cv_ld_reload_flag=-r
lt_cv_nm_interface='BSD nm'
lt_cv_objdir=.libs
lt_cv_path_LD=/usr/bin/ld
lt_cv_path_NM='/usr/bin/nm -B'
lt_cv_path_mainfest_tool=no
lt_cv_prog_compiler_c_o=yes
lt_cv_prog_compiler_pic='-fPIC -DPIC'
lt_cv_prog_compiler_pic_works=yes
lt_cv_prog_compiler_rtti_exceptions=no
lt_cv_prog_compiler_static_works=no
lt_cv_prog_gnu_ld=yes
lt_cv_sharedlib_from_linklib_cmd='printf %s\n'
lt_cv_shlibpath_overrides_runpath=no
lt_cv_sys_global_symbol_pipe='sed -n -e '\''s/^.*[	 ]\([ABCDGIRSTW][ABCDGIRSTW]*\)[	 ][	 ]*\([_A-Za-z][_A-Za-z0-9]*\)$/\1 \2 \2/p'\'' | sed '\''/ __gnu_lto/d'\'''
lt_cv_sys_global_symbol_to_c_name_address='sed -n -e '\''s/^: \([^ ]*\)[ ]*$/  {\"\1\", (void *) 0},/p'\'' -e '\''s/^[ABCDGIRSTW]* \([^ ]*\) \([^ ]*\)$/  {"\2", (void *) \&\2},/p'\'''
lt_cv_sys_global_symbol_to_c_name_address_lib_prefix='sed -n -e '\''s/^: \([^ ]*\)[ ]*$/  {\"\1\", (void *) 0},/p'\'' -e '\''s/^[ABCDGIRSTW]* \([^ ]*\) \(lib[^ ]*\)$/  {"\2", (void *) \&\2},/p'\'' -e '\''s/^[ABCDGIRSTW]* \([^ ]*\) \([^ ]*\)$/  {"lib\2", (void *) \&\2},/p'\'''
lt_cv_sys_global_symbol_to_cdecl='sed -n -e '\''s/^T .* \(.*\)$/extern int \1();/p'\'' -e '\''s/^[ABCDGIRSTW]* .* \(.*\)$/extern char \1;/p'\'''
lt_cv_sys_max_cmd_len=1966080
lt_cv_to_host_file_cmd=func_convert_file_noop
lt_cv_to_tool_file_cmd=func_convert_file_noop

## ----------------- ##
## Output variables. ##
## ----------------- ##

ACLOCAL='${SHELL} /home/zhaozijian/extmail/dspam-3.10.2/missing --run aclocal-1.11'
AMDEPBACKSLASH='\'
AMDEP_FALSE='#'
AMDEP_TRUE=''
AMTAR='${SHELL} /home/zhaozijian/extmail/dspam-3.10.2/missing --run tar'
AR='ar'
AUTOCONF='${SHELL} /home/zhaozijian/extmail/dspam-3.10.2/missing --run autoconf'
AUTOHEADER='${SHELL} /home/zhaozijian/extmail/dspam-3.10.2/missing --run autoheader'
AUTOMAKE='${SHELL} /home/zhaozijian/extmail/dspam-3.10.2/missing --run automake-1.11'
AWK='gawk'
BUILD_DB3_DRV_FALSE=''
BUILD_DB3_DRV_TRUE='#'
BUILD_DB4_DRV_FALSE=''
BUILD_DB4_DRV_TRUE='#'
BUILD_EXT_LOOKUP_FALSE='#'
BUILD_EXT_LOOKUP_TRUE=''
BUILD_HASH_DRV_FALSE='#'
BUILD_HASH_DRV_TRUE=''
BUILD_MYSQL_DRV_FALSE='#'
BUILD_MYSQL_DRV_TRUE=''
BUILD_PGSQL_DRV_FALSE=''
BUILD_PGSQL_DRV_TRUE='#'
BUILD_SQLITE3_DRV_FALSE=''
BUILD_SQLITE3_DRV_TRUE='#'
BUILD_SQLITE_DRV_FALSE=''
BUILD_SQLITE_DRV_TRUE='#'
CC='gcc'
CCDEPMODE='depmode=gcc3'
CFLAGS='-g -O2 -Wall -Wmissing-prototypes -Wmissing-declarations'
CPP='gcc -E'
CPPFLAGS=' '
CYGPATH_W='echo'
DEFS='-DHAVE_CONFIG_H'
DEPDIR='.deps'
DLLIBS='-ldl '
DLLTOOL='false'
DSYMUTIL=''
DUMPBIN=''
DYNAMIC_DRIVER_FALSE='#'
DYNAMIC_DRIVER_TRUE=''
ECHO_C=''
ECHO_N='-n'
ECHO_T=''
EGREP='/bin/grep -E'
EXEEXT=''
FGREP='/bin/grep -F'
GREP='/bin/grep'
INSTALL_DATA='${INSTALL} -m 644'
INSTALL_PROGRAM='${INSTALL}'
INSTALL_SCRIPT='${INSTALL}'
INSTALL_STRIP_PROGRAM='$(install_sh) -c -s'
LD='/usr/bin/ld -m elf_x86_64'
LDFLAGS='  -rdynamic'
LIBOBJS=''
LIBS=' -pthread'
LIBTOOL='$(SHELL) $(top_builddir)/libtool'
LIPO=''
LN_S='ln -s'
LTLIBOBJS=''
MAKEINFO='${SHELL} /home/zhaozijian/extmail/dspam-3.10.2/missing --run makeinfo'
MANIFEST_TOOL=':'
MKDIR_P='/bin/mkdir -p'
NETLIBS=''
NM='/usr/bin/nm -B'
NMEDIT=''
OBJDUMP='objdump'
OBJEXT='o'
OTOOL64=''
OTOOL=''
PACKAGE='dspam'
PACKAGE_BUGREPORT='dspam-devel@lists.sourceforge.net'
PACKAGE_NAME='dspam'
PACKAGE_STRING='dspam 3.10.2'
PACKAGE_TARNAME='dspam'
PACKAGE_URL=''
PACKAGE_VERSION='3.10.2'
PATH_SEPARATOR=':'
RANLIB='ranlib'
SED='/bin/sed'
SET_MAKE=''
SHELL='/bin/sh'
STATIC_DRIVER_FALSE=''
STATIC_DRIVER_TRUE='#'
STRIP='strip'
VERSION='3.10.2'
ac_ct_AR='ar'
ac_ct_CC='gcc'
ac_ct_DUMPBIN=''
active_driver='mysql_drv'
am__EXEEXT_FALSE=''
am__EXEEXT_TRUE='#'
am__fastdepCC_FALSE='#'
am__fastdepCC_TRUE=''
am__include='include'
am__isrc=''
am__leading_dot='.'
am__quote=''
am__tar='${AMTAR} chof - "$$tardir"'
am__untar='${AMTAR} xf -'
bindir='/usr/bin'
build='x86_64-unknown-linux-gnu'
build_alias=''
build_cpu='x86_64'
build_os='linux-gnu'
build_vendor='unknown'
datadir='/usr/share'
datarootdir='${prefix}/share'
delivery_agent='/usr/bin/procmail'
docdir='${datarootdir}/doc/${PACKAGE_TARNAME}'
dspam_group='vgroup'
dspam_home='/var/lib/dspam'
dspam_home_group='vgroup'
dspam_home_mode='770'
dspam_home_owner='vuser'
dspam_mode='2511'
dspam_owner='vuser'
dvidir='${docdir}'
exec_prefix='/usr'
external_lookup_libs=''
host='x86_64-unknown-linux-gnu'
host_alias=''
host_cpu='x86_64'
host_os='linux-gnu'
host_vendor='unknown'
htmldir='${docdir}'
includedir='/usr/include'
infodir='/usr/share/info'
install_sh='${SHELL} /home/zhaozijian/extmail/dspam-3.10.2/install-sh'
libdir='/usr/lib'
libexecdir='/usr/libexec'
libmysql_drv_cppflags='-I/usr/include/mysql  '
libmysql_drv_ldflags='-L/usr/lib64/mysql/   -rdynamic'
libmysql_drv_libs='-lmysqlclient   -pthread'
libpgsql_drv_cppflags=''
libpgsql_drv_ldflags=''
libpgsql_drv_libs=''
libsqlite3_drv_cppflags=''
libsqlite3_drv_ldflags=''
libsqlite3_drv_libs=''
libsqlite_drv_cppflags=''
libsqlite_drv_ldflags=''
libsqlite_drv_libs=''
localedir='${datarootdir}/locale'
localstatedir='/var'
logdir='/var/log/dspam'
mandir='/usr/share/man'
mkdir_p='/bin/mkdir -p'
oldincludedir='/usr/include'
pdfdir='${docdir}'
pgsql_pg_config=''
prefix='/usr'
program_transform_name='s&^&&'
psdir='${docdir}'
sbindir='/usr/sbin'
sharedstatedir='/usr/com'
storage_drv_subdirs=' tools.mysql_drv tools.hash_drv'
sysconfdir='/etc/dspam'
target_alias=''

## ----------- ##
## confdefs.h. ##
## ----------- ##

/* confdefs.h */
#define PACKAGE_NAME "dspam"
#define PACKAGE_TARNAME "dspam"
#define PACKAGE_VERSION "3.10.2"
#define PACKAGE_STRING "dspam 3.10.2"
#define PACKAGE_BUGREPORT "dspam-devel@lists.sourceforge.net"
#define PACKAGE_URL ""
#define PACKAGE "dspam"
#define VERSION "3.10.2"
#define STDC_HEADERS 1
#define HAVE_SYS_TYPES_H 1
#define HAVE_SYS_STAT_H 1
#define HAVE_STDLIB_H 1
#define HAVE_STRING_H 1
#define HAVE_MEMORY_H 1
#define HAVE_STRINGS_H 1
#define HAVE_INTTYPES_H 1
#define HAVE_STDINT_H 1
#define HAVE_UNISTD_H 1
#define HAVE_DLFCN_H 1
#define LT_OBJDIR ".libs/"
#define CONFIGURE_ARGS " '--program-prefix=' '--prefix=/usr' '--exec-prefix=/usr' '--bindir=/usr/bin' '--sbindir=/usr/sbin' '--sysconfdir=/etc' '--datadir=/usr/share' '--includedir=/usr/include' '--libdir=/usr/lib' '--libexecdir=/usr/libexec' '--localstatedir=/var' '--sharedstatedir=/usr/com' '--mandir=/usr/share/man' '--infodir=/usr/share/info' '--enable-long-usernames' '--enable-syslog' '--enable-daemon' '--enable-clamav' '--enable-debug' '--enable-large-scale' '--enable-virtual-users' '--enable-external-lookup' '--enable-preferences-extension' '--disable-trusted-user-security' '--with-mysql-includes=/usr/include/mysql' '--with-mysql-libraries=/usr/lib64/mysql/' '--with-pgsql-libraries=/usr/lib' '--with-storage-driver=mysql_drv,hash_drv' '--with-dspam-home=/var/lib/dspam' '--with-dspam-owner=vuser' '--with-dspam-group=vgroup' '--with-dspam-home-owner=vuser' '--with-dspam-home-group=vgroup' '--with-dspam-mode=2511' '--with-logdir=/var/log/dspam' '--sysconfdir=/etc/dspam'"
#define HAVE_ISO_VARARGS 1
#define HAVE_STRING_H 1
#define HAVE_MATH_H 1
#define HAVE_SYS_TIME_H 1
#define TIME_WITH_SYS_TIME 1
#define HAVE_STRSEP 1
#define HAVE_STRTOK_R 1
#define HAVE_GETPWNAM_R 1
#define HAVE_GETPWUID_R 1
#define HAVE_MEMCPY 1
#define HAVE_MEMSET 1
#define HAVE_LOCALTIME_R 1
#define HAVE_SYS_TYPES_H 1
#define HAVE_SYS_SOCKET_H 1
#define HAVE_NETINET_IN_H 1
#define HAVE_ARPA_INET_H 1
#define HAVE_STRCASESTR 1
#define DAEMON 1
#define HAVE_SYS_TYPES_H 1
#define HAVE_SYS_SOCKET_H 1
#define HAVE_NETINET_IN_H 1
#define HAVE_ARPA_INET_H 1
#define EXT_LOOKUP 1
#define CLAMAV 1
#define DEBUG 1
#define USE_SYSLOG 1
#define MYSQL4_INITIALIZATION 1
#define PREFERENCES_EXTENSION 1
#define LONG_USERNAMES 1
#define LARGESCALE 1
#define VIRTUAL_USERS 1
#define HAVE_MYSQL_H 1
#define HAVE_MYSQLD_ERROR_H 1
#define HAVE_ERRMSG_H 1

configure: exit 0
