# Do not edit -- this file documents how Postfix was built for your machine.
#----------------------------------------------------------------
# Start of summary of user-configurable 'make makefiles' options.
# CCARGS=-DHAS_MYSQL -I/usr/include/mysql
# AUXLIBS=-L/usr/lib64/mysql -lmysqlclient -lz -lm
# shared=
# dynamicmaps=
# pie=
# End of summary of user-configurable 'make makefiles' options.
#--------------------------------------------------------------
# System-dependent settings and compiler/linker overrides.
SYSTYPE	= LINUX2
_AR	= ar
ARFL	= rv
_RANLIB	= ranlib
SYSLIBS	= -L/usr/lib64/mysql -lmysqlclient -lz -lm -lpcre -ldb -lnsl -lresolv -ldl 
CC	= gcc -I. -I../../include -DHAS_MYSQL -I/usr/include/mysql -DNO_EAI -DHAS_DEV_URANDOM -DHAS_PCRE -UUSE_DYNAMIC_LIBS -DDEF_SHLIB_DIR=\"no\" -UUSE_DYNAMIC_MAPS $(WARN)
OPT	= -O
DEBUG	= -g
AWK	= awk
STRCASE = 
EXPORT	= CCARGS='-I. -I../../include -DHAS_MYSQL -I/usr/include/mysql -DNO_EAI -DHAS_DEV_URANDOM -DHAS_PCRE -UUSE_DYNAMIC_LIBS -DDEF_SHLIB_DIR=\"no\" -UUSE_DYNAMIC_MAPS' OPT='-O' DEBUG='-g'
WARN	= -Wall -Wno-comment -Wformat -Wimplicit -Wmissing-prototypes \
	-Wparentheses -Wstrict-prototypes -Wswitch -Wuninitialized \
	-Wunused -Wno-missing-braces
DEFINED_MAP_TYPES = mysql dev_urandom pcre
MAKE_FIX = 
# Switch between Postfix static and dynamically-linked libraries.
AR	= ar
RANLIB	= ranlib
LIB_PREFIX = 
LIB_SUFFIX = .a
SHLIB_CFLAGS = 
SHLIB_DIR = no
SHLIB_LD = :
SHLIB_SYSLIBS = 
SHLIB_RPATH = 
# Switch between dynamicmaps.cf plugins and hard-linked databases.
NON_PLUGIN_MAP_OBJ = $(MAP_OBJ)
PLUGIN_MAP_OBJ = 
PLUGIN_MAP_OBJ_UPDATE = 
PLUGIN_MAP_SO_MAKE = 
PLUGIN_MAP_SO_UPDATE = 
PLUGIN_LD = 
# Application-specific rules.
